<?xml version="1.0" encoding="UTF-8"?>
<!-- Generated by org.testng.reporters.JUnitReportReporter -->
<testsuite hostname="Isaac" failures="0" tests="3" name="Tests.EndToEndTests" time="30.941" errors="0" timestamp="2025-05-13T15:42:42 CDT" skipped="0">
  <testcase classname="Tests.EndToEndTests" name="submitOrder" time="11.700"/>
  <testcase classname="Tests.EndToEndTests" name="submitOrder" time="9.601"/>
  <testcase classname="Tests.EndToEndTests" name="submitOrder" time="9.640"/>
</testsuite> <!-- Tests.EndToEndTests -->
